android/app/build/intermediates/manifest_merge_blame_file/debug/manifest-merger-blame-debug-report.txt
1<?xml version="1.0" encoding="utf-8"?>
2<manifest xmlns:android="http://schemas.android.com/apk/res/android"
3    package="com.stripeintegration"
4    android:versionCode="1"
5    android:versionName="1.0" >
6
7    <uses-sdk
8        android:minSdkVersion="21"
9        android:targetSdkVersion="34" />
10
11    <uses-permission android:name="android.permission.INTERNET" />
11-->src\main\AndroidManifest.xml:3:5-67
11-->src\main\AndroidManifest.xml:3:22-64
12    <!--
13    This manifest file is used only by Gradle to configure debug-only capabilities
14    for React Native Apps.
15    -->
16    <uses-permission android:name="android.permission.SYSTEM_ALERT_WINDOW" />
16-->[com.facebook.react:react-android:0.73.5] AndroidManifest.xml:16:5-78
16-->[com.facebook.react:react-android:0.73.5] AndroidManifest.xml:16:22-75
17    <uses-permission android:name="android.permission.ACCESS_WIFI_STATE" /> <!-- See https://developer.android.com/training/package-visibility/declaring for more details. -->
17-->[com.facebook.flipper:flipper:0.201.0] AndroidManifest.xml:14:5-76
17-->[com.facebook.flipper:flipper:0.201.0] AndroidManifest.xml:14:22-73
18    <queries>
18-->[com.stripe:financial-connections:20.37.4] AndroidManifest.xml:10:5-18:15
19
20        <!-- Added to check the default browser that will host the AuthFlow. -->
21        <intent>
21-->[com.stripe:financial-connections:20.37.4] AndroidManifest.xml:13:9-17:18
22            <action android:name="android.intent.action.VIEW" />
22-->[com.stripe:financial-connections:20.37.4] AndroidManifest.xml:14:13-65
22-->[com.stripe:financial-connections:20.37.4] AndroidManifest.xml:14:21-62
23
24            <data android:scheme="http" />
24-->[com.stripe:financial-connections:20.37.4] AndroidManifest.xml:16:13-43
24-->[com.stripe:financial-connections:20.37.4] AndroidManifest.xml:16:19-40
25        </intent>
26        <!-- Added to check if Chrome is installed for browser-based payment authentication (e.g. 3DS1). -->
27        <package android:name="com.android.chrome" /> <!-- Needs to be explicitly declared on Android R+ -->
27-->[com.stripe:payments-core:20.37.4] AndroidManifest.xml:11:9-54
27-->[com.stripe:payments-core:20.37.4] AndroidManifest.xml:11:18-51
28        <package android:name="com.google.android.apps.maps" />
28-->[com.google.android.gms:play-services-maps:18.0.2] AndroidManifest.xml:33:9-64
28-->[com.google.android.gms:play-services-maps:18.0.2] AndroidManifest.xml:33:18-61
29    </queries>
30
31    <uses-permission android:name="android.permission.ACCESS_NETWORK_STATE" />
31-->[com.stripe:stripe-core:20.37.4] AndroidManifest.xml:7:5-79
31-->[com.stripe:stripe-core:20.37.4] AndroidManifest.xml:7:22-76
32
33    <uses-feature
33-->[com.google.android.gms:play-services-maps:18.0.2] AndroidManifest.xml:26:5-28:35
34        android:glEsVersion="0x00020000"
34-->[com.google.android.gms:play-services-maps:18.0.2] AndroidManifest.xml:27:9-41
35        android:required="true" />
35-->[com.google.android.gms:play-services-maps:18.0.2] AndroidManifest.xml:28:9-32
36
37    <permission
37-->[androidx.core:core:1.12.0] AndroidManifest.xml:22:5-24:47
38        android:name="com.stripeintegration.DYNAMIC_RECEIVER_NOT_EXPORTED_PERMISSION"
38-->[androidx.core:core:1.12.0] AndroidManifest.xml:23:9-81
39        android:protectionLevel="signature" />
39-->[androidx.core:core:1.12.0] AndroidManifest.xml:24:9-44
40
41    <uses-permission android:name="com.stripeintegration.DYNAMIC_RECEIVER_NOT_EXPORTED_PERMISSION" />
41-->[androidx.core:core:1.12.0] AndroidManifest.xml:26:5-97
41-->[androidx.core:core:1.12.0] AndroidManifest.xml:26:22-94
42
43    <application
43-->src\main\AndroidManifest.xml:5:5-24:19
44        android:name="com.stripeintegration.MainApplication"
44-->src\main\AndroidManifest.xml:6:7-38
45        android:allowBackup="false"
45-->src\main\AndroidManifest.xml:10:7-34
46        android:appComponentFactory="androidx.core.app.CoreComponentFactory"
46-->[androidx.core:core:1.12.0] AndroidManifest.xml:28:18-86
47        android:debuggable="true"
48        android:extractNativeLibs="true"
49        android:icon="@mipmap/ic_launcher"
49-->src\main\AndroidManifest.xml:8:7-41
50        android:label="@string/app_name"
50-->src\main\AndroidManifest.xml:7:7-39
51        android:roundIcon="@mipmap/ic_launcher_round"
51-->src\main\AndroidManifest.xml:9:7-52
52        android:theme="@style/AppTheme"
52-->src\main\AndroidManifest.xml:11:7-38
53        android:usesCleartextTraffic="true" >
53-->src\debug\AndroidManifest.xml:6:9-44
54        <activity
54-->src\main\AndroidManifest.xml:12:7-23:18
55            android:name="com.stripeintegration.MainActivity"
55-->src\main\AndroidManifest.xml:13:9-37
56            android:configChanges="keyboard|keyboardHidden|orientation|screenLayout|screenSize|smallestScreenSize|uiMode"
56-->src\main\AndroidManifest.xml:15:9-118
57            android:exported="true"
57-->src\main\AndroidManifest.xml:18:9-32
58            android:label="@string/app_name"
58-->src\main\AndroidManifest.xml:14:9-41
59            android:launchMode="singleTask"
59-->src\main\AndroidManifest.xml:16:9-40
60            android:windowSoftInputMode="adjustResize" >
60-->src\main\AndroidManifest.xml:17:9-51
61            <intent-filter>
61-->src\main\AndroidManifest.xml:19:9-22:25
62                <action android:name="android.intent.action.MAIN" />
62-->src\main\AndroidManifest.xml:20:13-65
62-->src\main\AndroidManifest.xml:20:21-62
63
64                <category android:name="android.intent.category.LAUNCHER" />
64-->src\main\AndroidManifest.xml:21:13-73
64-->src\main\AndroidManifest.xml:21:23-70
65            </intent-filter>
66        </activity>
67        <activity
67-->[com.facebook.react:react-android:0.73.5] AndroidManifest.xml:19:9-21:40
68            android:name="com.facebook.react.devsupport.DevSettingsActivity"
68-->[com.facebook.react:react-android:0.73.5] AndroidManifest.xml:20:13-77
69            android:exported="false" />
69-->[com.facebook.react:react-android:0.73.5] AndroidManifest.xml:21:13-37
70        <activity
70-->[com.stripe:financial-connections:20.37.4] AndroidManifest.xml:21:9-65:20
71            android:name="com.stripe.android.financialconnections.FinancialConnectionsSheetRedirectActivity"
71-->[com.stripe:financial-connections:20.37.4] AndroidManifest.xml:22:13-109
72            android:exported="true"
72-->[com.stripe:financial-connections:20.37.4] AndroidManifest.xml:23:13-36
73            android:launchMode="singleTask" >
73-->[com.stripe:financial-connections:20.37.4] AndroidManifest.xml:24:13-44
74            <intent-filter>
74-->[com.stripe:financial-connections:20.37.4] AndroidManifest.xml:25:13-64:29
75                <action android:name="android.intent.action.VIEW" />
75-->[com.stripe:financial-connections:20.37.4] AndroidManifest.xml:14:13-65
75-->[com.stripe:financial-connections:20.37.4] AndroidManifest.xml:14:21-62
76
77                <category android:name="android.intent.category.DEFAULT" />
77-->[com.stripe:financial-connections:20.37.4] AndroidManifest.xml:28:17-76
77-->[com.stripe:financial-connections:20.37.4] AndroidManifest.xml:28:27-73
78                <category android:name="android.intent.category.BROWSABLE" />
78-->[com.stripe:financial-connections:20.37.4] AndroidManifest.xml:29:17-78
78-->[com.stripe:financial-connections:20.37.4] AndroidManifest.xml:29:27-75
79
80                <!-- Returning from app2app: return_url is triggered to reopen web AuthFlow and poll accounts. -->
81                <data
81-->[com.stripe:financial-connections:20.37.4] AndroidManifest.xml:16:13-43
82                    android:host="link-accounts"
83                    android:pathPrefix="/com.stripeintegration/authentication_return"
84                    android:scheme="stripe-auth" />
84-->[com.stripe:financial-connections:20.37.4] AndroidManifest.xml:16:19-40
85
86                <!-- Returning from app2app: return_url is triggered to reopen native AuthFlow and poll accounts. -->
87                <data
87-->[com.stripe:financial-connections:20.37.4] AndroidManifest.xml:16:13-43
88                    android:host="link-native-accounts"
89                    android:pathPrefix="/com.stripeintegration/authentication_return"
90                    android:scheme="stripe-auth" />
90-->[com.stripe:financial-connections:20.37.4] AndroidManifest.xml:16:19-40
91
92                <!-- End of web AuthFlow success and cancel URIs that begin with "stripe-auth://link-accounts/{app-id}/...” -->
93                <data
93-->[com.stripe:financial-connections:20.37.4] AndroidManifest.xml:16:13-43
94                    android:host="link-accounts"
95                    android:path="/com.stripeintegration/success"
96                    android:scheme="stripe-auth" />
96-->[com.stripe:financial-connections:20.37.4] AndroidManifest.xml:16:19-40
97                <data
97-->[com.stripe:financial-connections:20.37.4] AndroidManifest.xml:16:13-43
98                    android:host="link-accounts"
99                    android:path="/com.stripeintegration/cancel"
100                    android:scheme="stripe-auth" />
100-->[com.stripe:financial-connections:20.37.4] AndroidManifest.xml:16:19-40
101
102                <!-- Opening app2app: Web flow triggers stripe-auth://native-redirect/{app-id}/http://web-that-redirects-to-native -->
103                <data
103-->[com.stripe:financial-connections:20.37.4] AndroidManifest.xml:16:13-43
104                    android:host="native-redirect"
105                    android:pathPrefix="/com.stripeintegration"
106                    android:scheme="stripe-auth" />
106-->[com.stripe:financial-connections:20.37.4] AndroidManifest.xml:16:19-40
107
108                <!-- Accepts success/cancel/fail URIs that begin with "stripe://auth-redirect” -->
109                <data
109-->[com.stripe:financial-connections:20.37.4] AndroidManifest.xml:16:13-43
110                    android:host="auth-redirect"
111                    android:pathPrefix="/com.stripeintegration"
112                    android:scheme="stripe" />
112-->[com.stripe:financial-connections:20.37.4] AndroidManifest.xml:16:19-40
113            </intent-filter>
114        </activity>
115        <activity
115-->[com.stripe:financial-connections:20.37.4] AndroidManifest.xml:66:9-69:57
116            android:name="com.stripe.android.financialconnections.FinancialConnectionsSheetActivity"
116-->[com.stripe:financial-connections:20.37.4] AndroidManifest.xml:67:13-101
117            android:exported="false"
117-->[com.stripe:financial-connections:20.37.4] AndroidManifest.xml:68:13-37
118            android:theme="@style/StripeDefaultTheme" />
118-->[com.stripe:financial-connections:20.37.4] AndroidManifest.xml:69:13-54
119        <activity
119-->[com.stripe:financial-connections:20.37.4] AndroidManifest.xml:70:9-74:58
120            android:name="com.stripe.android.financialconnections.ui.FinancialConnectionsSheetNativeActivity"
120-->[com.stripe:financial-connections:20.37.4] AndroidManifest.xml:71:13-110
121            android:exported="false"
121-->[com.stripe:financial-connections:20.37.4] AndroidManifest.xml:72:13-37
122            android:theme="@style/StripeDefaultTheme"
122-->[com.stripe:financial-connections:20.37.4] AndroidManifest.xml:73:13-54
123            android:windowSoftInputMode="adjustResize" />
123-->[com.stripe:financial-connections:20.37.4] AndroidManifest.xml:74:13-55
124
125        <provider
125-->[com.stripe:financial-connections:20.37.4] AndroidManifest.xml:76:9-80:43
126            android:name="com.stripe.android.financialconnections.appinitializer.FinancialConnectionsInitializer"
126-->[com.stripe:financial-connections:20.37.4] AndroidManifest.xml:77:13-114
127            android:authorities="com.stripeintegration.financialconnections-init"
127-->[com.stripe:financial-connections:20.37.4] AndroidManifest.xml:78:13-77
128            android:exported="false"
128-->[com.stripe:financial-connections:20.37.4] AndroidManifest.xml:79:13-37
129            android:multiprocess="true" />
129-->[com.stripe:financial-connections:20.37.4] AndroidManifest.xml:80:13-40
130
131        <activity
131-->[com.stripe:paymentsheet:20.37.4] AndroidManifest.xml:8:9-12:58
132            android:name="com.stripe.android.paymentsheet.PaymentSheetActivity"
132-->[com.stripe:paymentsheet:20.37.4] AndroidManifest.xml:9:13-80
133            android:exported="false"
133-->[com.stripe:paymentsheet:20.37.4] AndroidManifest.xml:10:13-37
134            android:theme="@style/StripePaymentSheetDefaultTheme"
134-->[com.stripe:paymentsheet:20.37.4] AndroidManifest.xml:11:13-66
135            android:windowSoftInputMode="adjustResize" />
135-->[com.stripe:paymentsheet:20.37.4] AndroidManifest.xml:12:13-55
136        <activity
136-->[com.stripe:paymentsheet:20.37.4] AndroidManifest.xml:13:9-17:58
137            android:name="com.stripe.android.paymentsheet.PaymentOptionsActivity"
137-->[com.stripe:paymentsheet:20.37.4] AndroidManifest.xml:14:13-82
138            android:exported="false"
138-->[com.stripe:paymentsheet:20.37.4] AndroidManifest.xml:15:13-37
139            android:theme="@style/StripePaymentSheetDefaultTheme"
139-->[com.stripe:paymentsheet:20.37.4] AndroidManifest.xml:16:13-66
140            android:windowSoftInputMode="adjustResize" />
140-->[com.stripe:paymentsheet:20.37.4] AndroidManifest.xml:17:13-55
141        <activity
141-->[com.stripe:paymentsheet:20.37.4] AndroidManifest.xml:18:9-22:58
142            android:name="com.stripe.android.customersheet.CustomerSheetActivity"
142-->[com.stripe:paymentsheet:20.37.4] AndroidManifest.xml:19:13-82
143            android:exported="false"
143-->[com.stripe:paymentsheet:20.37.4] AndroidManifest.xml:20:13-37
144            android:theme="@style/StripePaymentSheetDefaultTheme"
144-->[com.stripe:paymentsheet:20.37.4] AndroidManifest.xml:21:13-66
145            android:windowSoftInputMode="adjustResize" />
145-->[com.stripe:paymentsheet:20.37.4] AndroidManifest.xml:22:13-55
146        <activity
146-->[com.stripe:paymentsheet:20.37.4] AndroidManifest.xml:23:9-26:69
147            android:name="com.stripe.android.paymentsheet.addresselement.AddressElementActivity"
147-->[com.stripe:paymentsheet:20.37.4] AndroidManifest.xml:24:13-97
148            android:exported="false"
148-->[com.stripe:paymentsheet:20.37.4] AndroidManifest.xml:25:13-37
149            android:theme="@style/StripePaymentSheetDefaultTheme" />
149-->[com.stripe:paymentsheet:20.37.4] AndroidManifest.xml:26:13-66
150        <activity
150-->[com.stripe:paymentsheet:20.37.4] AndroidManifest.xml:27:9-30:69
151            android:name="com.stripe.android.paymentsheet.paymentdatacollection.bacs.BacsMandateConfirmationActivity"
151-->[com.stripe:paymentsheet:20.37.4] AndroidManifest.xml:28:13-118
152            android:exported="false"
152-->[com.stripe:paymentsheet:20.37.4] AndroidManifest.xml:29:13-37
153            android:theme="@style/StripePaymentSheetDefaultTheme" />
153-->[com.stripe:paymentsheet:20.37.4] AndroidManifest.xml:30:13-66
154        <activity
154-->[com.stripe:paymentsheet:20.37.4] AndroidManifest.xml:31:9-34:69
155            android:name="com.stripe.android.paymentsheet.paymentdatacollection.polling.PollingActivity"
155-->[com.stripe:paymentsheet:20.37.4] AndroidManifest.xml:32:13-105
156            android:exported="false"
156-->[com.stripe:paymentsheet:20.37.4] AndroidManifest.xml:33:13-37
157            android:theme="@style/StripePaymentSheetDefaultTheme" />
157-->[com.stripe:paymentsheet:20.37.4] AndroidManifest.xml:34:13-66
158        <activity
158-->[com.stripe:paymentsheet:20.37.4] AndroidManifest.xml:35:9-38:69
159            android:name="com.stripe.android.paymentsheet.ui.SepaMandateActivity"
159-->[com.stripe:paymentsheet:20.37.4] AndroidManifest.xml:36:13-82
160            android:exported="false"
160-->[com.stripe:paymentsheet:20.37.4] AndroidManifest.xml:37:13-37
161            android:theme="@style/StripePaymentSheetDefaultTheme" />
161-->[com.stripe:paymentsheet:20.37.4] AndroidManifest.xml:38:13-66
162        <activity
162-->[com.stripe:link:20.37.4] AndroidManifest.xml:8:9-13:61
163            android:name="com.stripe.android.link.LinkForegroundActivity"
163-->[com.stripe:link:20.37.4] AndroidManifest.xml:9:13-74
164            android:autoRemoveFromRecents="true"
164-->[com.stripe:link:20.37.4] AndroidManifest.xml:10:13-49
165            android:configChanges="orientation|keyboard|keyboardHidden|screenLayout|screenSize|smallestScreenSize"
165-->[com.stripe:link:20.37.4] AndroidManifest.xml:11:13-115
166            android:launchMode="singleTop"
166-->[com.stripe:link:20.37.4] AndroidManifest.xml:12:13-43
167            android:theme="@style/StripeTransparentTheme" />
167-->[com.stripe:link:20.37.4] AndroidManifest.xml:13:13-58
168        <activity
168-->[com.stripe:link:20.37.4] AndroidManifest.xml:14:9-31:20
169            android:name="com.stripe.android.link.LinkRedirectHandlerActivity"
169-->[com.stripe:link:20.37.4] AndroidManifest.xml:15:13-79
170            android:autoRemoveFromRecents="true"
170-->[com.stripe:link:20.37.4] AndroidManifest.xml:16:13-49
171            android:exported="true"
171-->[com.stripe:link:20.37.4] AndroidManifest.xml:17:13-36
172            android:launchMode="singleInstance"
172-->[com.stripe:link:20.37.4] AndroidManifest.xml:18:13-48
173            android:theme="@style/StripeTransparentTheme" >
173-->[com.stripe:link:20.37.4] AndroidManifest.xml:19:13-58
174            <intent-filter>
174-->[com.stripe:link:20.37.4] AndroidManifest.xml:20:13-30:29
175                <action android:name="android.intent.action.VIEW" />
175-->[com.stripe:financial-connections:20.37.4] AndroidManifest.xml:14:13-65
175-->[com.stripe:financial-connections:20.37.4] AndroidManifest.xml:14:21-62
176
177                <category android:name="android.intent.category.DEFAULT" />
177-->[com.stripe:financial-connections:20.37.4] AndroidManifest.xml:28:17-76
177-->[com.stripe:financial-connections:20.37.4] AndroidManifest.xml:28:27-73
178                <category android:name="android.intent.category.BROWSABLE" />
178-->[com.stripe:financial-connections:20.37.4] AndroidManifest.xml:29:17-78
178-->[com.stripe:financial-connections:20.37.4] AndroidManifest.xml:29:27-75
179
180                <data
180-->[com.stripe:financial-connections:20.37.4] AndroidManifest.xml:16:13-43
181                    android:host="complete"
182                    android:path="/com.stripeintegration"
183                    android:scheme="link-popup" />
183-->[com.stripe:financial-connections:20.37.4] AndroidManifest.xml:16:19-40
184            </intent-filter>
185        </activity>
186        <activity
186-->[com.stripe:payments-ui-core:20.37.4] AndroidManifest.xml:8:9-11:69
187            android:name="com.stripe.android.ui.core.cardscan.CardScanActivity"
187-->[com.stripe:payments-ui-core:20.37.4] AndroidManifest.xml:9:13-80
188            android:exported="false"
188-->[com.stripe:payments-ui-core:20.37.4] AndroidManifest.xml:10:13-37
189            android:theme="@style/StripePaymentSheetDefaultTheme" />
189-->[com.stripe:payments-ui-core:20.37.4] AndroidManifest.xml:11:13-66
190        <activity
190-->[com.stripe:payments-core:20.37.4] AndroidManifest.xml:15:9-18:57
191            android:name="com.stripe.android.view.AddPaymentMethodActivity"
191-->[com.stripe:payments-core:20.37.4] AndroidManifest.xml:16:13-76
192            android:exported="false"
192-->[com.stripe:payments-core:20.37.4] AndroidManifest.xml:17:13-37
193            android:theme="@style/StripeDefaultTheme" />
193-->[com.stripe:payments-core:20.37.4] AndroidManifest.xml:18:13-54
194        <activity
194-->[com.stripe:payments-core:20.37.4] AndroidManifest.xml:19:9-22:57
195            android:name="com.stripe.android.view.PaymentMethodsActivity"
195-->[com.stripe:payments-core:20.37.4] AndroidManifest.xml:20:13-74
196            android:exported="false"
196-->[com.stripe:payments-core:20.37.4] AndroidManifest.xml:21:13-37
197            android:theme="@style/StripeDefaultTheme" />
197-->[com.stripe:payments-core:20.37.4] AndroidManifest.xml:22:13-54
198        <activity
198-->[com.stripe:payments-core:20.37.4] AndroidManifest.xml:23:9-26:57
199            android:name="com.stripe.android.view.PaymentFlowActivity"
199-->[com.stripe:payments-core:20.37.4] AndroidManifest.xml:24:13-71
200            android:exported="false"
200-->[com.stripe:payments-core:20.37.4] AndroidManifest.xml:25:13-37
201            android:theme="@style/StripeDefaultTheme" />
201-->[com.stripe:payments-core:20.37.4] AndroidManifest.xml:26:13-54
202        <activity
202-->[com.stripe:payments-core:20.37.4] AndroidManifest.xml:27:9-31:58
203            android:name="com.stripe.android.view.PaymentAuthWebViewActivity"
203-->[com.stripe:payments-core:20.37.4] AndroidManifest.xml:28:13-78
204            android:exported="false"
204-->[com.stripe:payments-core:20.37.4] AndroidManifest.xml:29:13-37
205            android:theme="@style/StripeDefaultTheme"
205-->[com.stripe:payments-core:20.37.4] AndroidManifest.xml:30:13-54
206            android:windowSoftInputMode="adjustResize" />
206-->[com.stripe:payments-core:20.37.4] AndroidManifest.xml:31:13-55
207        <activity
207-->[com.stripe:payments-core:20.37.4] AndroidManifest.xml:32:9-35:61
208            android:name="com.stripe.android.view.PaymentRelayActivity"
208-->[com.stripe:payments-core:20.37.4] AndroidManifest.xml:33:13-72
209            android:exported="false"
209-->[com.stripe:payments-core:20.37.4] AndroidManifest.xml:34:13-37
210            android:theme="@style/StripeTransparentTheme" />
210-->[com.stripe:payments-core:20.37.4] AndroidManifest.xml:35:13-58
211        <!--
212        Set android:launchMode="singleTop" so that the StripeBrowserLauncherActivity instance that
213        launched the browser Activity will also handle the return URL deep link.
214        -->
215        <activity
215-->[com.stripe:payments-core:20.37.4] AndroidManifest.xml:41:9-45:61
216            android:name="com.stripe.android.payments.StripeBrowserLauncherActivity"
216-->[com.stripe:payments-core:20.37.4] AndroidManifest.xml:42:13-85
217            android:exported="false"
217-->[com.stripe:payments-core:20.37.4] AndroidManifest.xml:43:13-37
218            android:launchMode="singleTask"
218-->[com.stripe:payments-core:20.37.4] AndroidManifest.xml:44:13-44
219            android:theme="@style/StripeTransparentTheme" />
219-->[com.stripe:payments-core:20.37.4] AndroidManifest.xml:45:13-58
220        <activity
220-->[com.stripe:payments-core:20.37.4] AndroidManifest.xml:46:9-63:20
221            android:name="com.stripe.android.payments.StripeBrowserProxyReturnActivity"
221-->[com.stripe:payments-core:20.37.4] AndroidManifest.xml:47:13-88
222            android:exported="true"
222-->[com.stripe:payments-core:20.37.4] AndroidManifest.xml:48:13-36
223            android:launchMode="singleTask"
223-->[com.stripe:payments-core:20.37.4] AndroidManifest.xml:49:13-44
224            android:theme="@style/StripeTransparentTheme" >
224-->[com.stripe:payments-core:20.37.4] AndroidManifest.xml:50:13-58
225            <intent-filter>
225-->[com.stripe:payments-core:20.37.4] AndroidManifest.xml:51:13-62:29
226                <action android:name="android.intent.action.VIEW" />
226-->[com.stripe:financial-connections:20.37.4] AndroidManifest.xml:14:13-65
226-->[com.stripe:financial-connections:20.37.4] AndroidManifest.xml:14:21-62
227
228                <category android:name="android.intent.category.DEFAULT" />
228-->[com.stripe:financial-connections:20.37.4] AndroidManifest.xml:28:17-76
228-->[com.stripe:financial-connections:20.37.4] AndroidManifest.xml:28:27-73
229                <category android:name="android.intent.category.BROWSABLE" />
229-->[com.stripe:financial-connections:20.37.4] AndroidManifest.xml:29:17-78
229-->[com.stripe:financial-connections:20.37.4] AndroidManifest.xml:29:27-75
230
231                <!-- Must match `DefaultReturnUrl#value`. -->
232                <data
232-->[com.stripe:financial-connections:20.37.4] AndroidManifest.xml:16:13-43
233                    android:host="payment_return_url"
234                    android:path="/com.stripeintegration"
235                    android:scheme="stripesdk" />
235-->[com.stripe:financial-connections:20.37.4] AndroidManifest.xml:16:19-40
236            </intent-filter>
237        </activity>
238        <activity
238-->[com.stripe:payments-core:20.37.4] AndroidManifest.xml:64:9-67:57
239            android:name="com.stripe.android.payments.core.authentication.threeds2.Stripe3ds2TransactionActivity"
239-->[com.stripe:payments-core:20.37.4] AndroidManifest.xml:65:13-114
240            android:exported="false"
240-->[com.stripe:payments-core:20.37.4] AndroidManifest.xml:66:13-37
241            android:theme="@style/StripeDefaultTheme" />
241-->[com.stripe:payments-core:20.37.4] AndroidManifest.xml:67:13-54
242        <activity
242-->[com.stripe:payments-core:20.37.4] AndroidManifest.xml:68:9-71:66
243            android:name="com.stripe.android.googlepaylauncher.GooglePayLauncherActivity"
243-->[com.stripe:payments-core:20.37.4] AndroidManifest.xml:69:13-90
244            android:exported="false"
244-->[com.stripe:payments-core:20.37.4] AndroidManifest.xml:70:13-37
245            android:theme="@style/StripeGooglePayDefaultTheme" />
245-->[com.stripe:payments-core:20.37.4] AndroidManifest.xml:71:13-63
246        <activity
246-->[com.stripe:payments-core:20.37.4] AndroidManifest.xml:72:9-75:66
247            android:name="com.stripe.android.googlepaylauncher.GooglePayPaymentMethodLauncherActivity"
247-->[com.stripe:payments-core:20.37.4] AndroidManifest.xml:73:13-103
248            android:exported="false"
248-->[com.stripe:payments-core:20.37.4] AndroidManifest.xml:74:13-37
249            android:theme="@style/StripeGooglePayDefaultTheme" />
249-->[com.stripe:payments-core:20.37.4] AndroidManifest.xml:75:13-63
250        <activity
250-->[com.stripe:payments-core:20.37.4] AndroidManifest.xml:76:9-79:68
251            android:name="com.stripe.android.payments.paymentlauncher.PaymentLauncherConfirmationActivity"
251-->[com.stripe:payments-core:20.37.4] AndroidManifest.xml:77:13-107
252            android:exported="false"
252-->[com.stripe:payments-core:20.37.4] AndroidManifest.xml:78:13-37
253            android:theme="@style/StripePayLauncherDefaultTheme" />
253-->[com.stripe:payments-core:20.37.4] AndroidManifest.xml:79:13-65
254        <activity
254-->[com.stripe:payments-core:20.37.4] AndroidManifest.xml:80:9-83:61
255            android:name="com.stripe.android.payments.bankaccount.ui.CollectBankAccountActivity"
255-->[com.stripe:payments-core:20.37.4] AndroidManifest.xml:81:13-97
256            android:exported="false"
256-->[com.stripe:payments-core:20.37.4] AndroidManifest.xml:82:13-37
257            android:theme="@style/StripeTransparentTheme" />
257-->[com.stripe:payments-core:20.37.4] AndroidManifest.xml:83:13-58
258        <activity
258-->[com.stripe:stripe-3ds2-android:6.1.8] AndroidManifest.xml:8:9-11:54
259            android:name="com.stripe.android.stripe3ds2.views.ChallengeActivity"
259-->[com.stripe:stripe-3ds2-android:6.1.8] AndroidManifest.xml:9:13-81
260            android:exported="false"
260-->[com.stripe:stripe-3ds2-android:6.1.8] AndroidManifest.xml:10:13-37
261            android:theme="@style/Stripe3DS2Theme" />
261-->[com.stripe:stripe-3ds2-android:6.1.8] AndroidManifest.xml:11:13-51
262
263        <provider
263-->[androidx.emoji2:emoji2:1.3.0] AndroidManifest.xml:24:9-32:20
264            android:name="androidx.startup.InitializationProvider"
264-->[androidx.emoji2:emoji2:1.3.0] AndroidManifest.xml:25:13-67
265            android:authorities="com.stripeintegration.androidx-startup"
265-->[androidx.emoji2:emoji2:1.3.0] AndroidManifest.xml:26:13-68
266            android:exported="false" >
266-->[androidx.emoji2:emoji2:1.3.0] AndroidManifest.xml:27:13-37
267            <meta-data
267-->[androidx.emoji2:emoji2:1.3.0] AndroidManifest.xml:29:13-31:52
268                android:name="androidx.emoji2.text.EmojiCompatInitializer"
268-->[androidx.emoji2:emoji2:1.3.0] AndroidManifest.xml:30:17-75
269                android:value="androidx.startup" />
269-->[androidx.emoji2:emoji2:1.3.0] AndroidManifest.xml:31:17-49
270            <meta-data
270-->[androidx.lifecycle:lifecycle-process:2.7.0] AndroidManifest.xml:29:13-31:52
271                android:name="androidx.lifecycle.ProcessLifecycleInitializer"
271-->[androidx.lifecycle:lifecycle-process:2.7.0] AndroidManifest.xml:30:17-78
272                android:value="androidx.startup" />
272-->[androidx.lifecycle:lifecycle-process:2.7.0] AndroidManifest.xml:31:17-49
273            <meta-data
273-->[androidx.profileinstaller:profileinstaller:1.3.0] AndroidManifest.xml:29:13-31:52
274                android:name="androidx.profileinstaller.ProfileInstallerInitializer"
274-->[androidx.profileinstaller:profileinstaller:1.3.0] AndroidManifest.xml:30:17-85
275                android:value="androidx.startup" />
275-->[androidx.profileinstaller:profileinstaller:1.3.0] AndroidManifest.xml:31:17-49
276        </provider> <!-- Needs to be explicitly declared on P+ -->
277        <uses-library
277-->[com.google.android.gms:play-services-maps:18.0.2] AndroidManifest.xml:39:9-41:40
278            android:name="org.apache.http.legacy"
278-->[com.google.android.gms:play-services-maps:18.0.2] AndroidManifest.xml:40:13-50
279            android:required="false" />
279-->[com.google.android.gms:play-services-maps:18.0.2] AndroidManifest.xml:41:13-37
280
281        <activity
281-->[com.google.android.gms:play-services-base:18.0.1] AndroidManifest.xml:20:9-22:45
282            android:name="com.google.android.gms.common.api.GoogleApiActivity"
282-->[com.google.android.gms:play-services-base:18.0.1] AndroidManifest.xml:20:19-85
283            android:exported="false"